2025-09-02 13:14:32,682 - __main__ - INFO - 🚀 Начало рассылки: 2025-09-02 13:14:32
2025-09-02 13:14:32,682 - __main__ - INFO - 🚀 Запуск рассылки в ТЕСТОВЫЙ режиме
2025-09-02 13:14:32,685 - sqlalchemy.engine.Engine - INFO - BEGIN (implicit)
2025-09-02 13:14:32,717 - sqlalchemy.engine.Engine - INFO - SELECT users.id, users.telegram_id, users.username, users.first_name, users.last_name, users.is_active, users.referrer_id, users.referral_code, users.welcome_sent, users.created_at, users.updated_at, users.birthday, users.birthday_gift_year, users.payment_method_id, users.is_recurring_active, users.phone, users.email, users.reminder_sent, users.is_blocked 
FROM users 
WHERE users.telegram_id = ?
2025-09-02 13:14:32,717 - sqlalchemy.engine.Engine - INFO - [generated in 0.00059s] (534740911,)
2025-09-02 13:14:32,719 - sqlalchemy.engine.Engine - INFO - SELECT users.id, users.telegram_id, users.username, users.first_name, users.last_name, users.is_active, users.referrer_id, users.referral_code, users.welcome_sent, users.created_at, users.updated_at, users.birthday, users.birthday_gift_year, users.payment_method_id, users.is_recurring_active, users.phone, users.email, users.reminder_sent, users.is_blocked 
FROM users 
WHERE users.telegram_id = ?
2025-09-02 13:14:32,719 - sqlalchemy.engine.Engine - INFO - [cached since 0.00291s ago] (44054166,)
2025-09-02 13:14:32,720 - sqlalchemy.engine.Engine - INFO - SELECT users.id, users.telegram_id, users.username, users.first_name, users.last_name, users.is_active, users.referrer_id, users.referral_code, users.welcome_sent, users.created_at, users.updated_at, users.birthday, users.birthday_gift_year, users.payment_method_id, users.is_recurring_active, users.phone, users.email, users.reminder_sent, users.is_blocked 
FROM users 
WHERE users.telegram_id = ?
2025-09-02 13:14:32,721 - sqlalchemy.engine.Engine - INFO - [cached since 0.004359s ago] (6995044681,)
2025-09-02 13:14:32,722 - sqlalchemy.engine.Engine - INFO - ROLLBACK
2025-09-02 13:14:32,722 - __main__ - INFO - 🧪 Тестовый режим: найдено 3 администраторов
2025-09-02 13:14:32,722 - __main__ - INFO - 📤 Отправка 1/3 пользователю 534740911
2025-09-02 13:14:33,698 - __main__ - INFO - 📤 Отправка 2/3 пользователю 44054166
2025-09-02 13:14:34,116 - __main__ - INFO - 📤 Отправка 3/3 пользователю 6995044681
2025-09-02 13:14:34,403 - __main__ - INFO - 🏁 Окончание рассылки: 2025-09-02 13:14:34
2025-09-02 13:14:34,403 - __main__ - INFO - ⏱️ Общее время: 0:00:01.721458
2025-09-02 13:14:34,404 - __main__ - INFO - 📊 Итоговая статистика рассылки:
2025-09-02 13:14:34,404 - __main__ - INFO - 
📊 <b>ОТЧЕТ О РАССЫЛКЕ</b>

⏱️ <b>Время выполнения:</b> 0:00:01.721458
📅 <b>Завершено:</b> 2025-09-02 13:14:34

📈 <b>ОБЩАЯ СТАТИСТИКА:</b>
👥 Всего пользователей: 3
✅ Успешно отправлено: 3
🚫 Заблокированных: 0
❌ Ошибок: 0
📊 Успешность: 100.0%

🚫 <b>ЗАБЛОКИРОВАННЫЕ ПОЛЬЗОВАТЕЛИ:</b>
Нет заблокированных пользователей

❌ <b>ОШИБКИ ОТПРАВКИ:</b>
Нет ошибок отправки

2025-09-02 13:14:34,504 - __main__ - INFO - 📊 Отчет отправлен администратору 534740911
2025-09-02 13:14:34,591 - __main__ - INFO - 📊 Отчет отправлен администратору 44054166
2025-09-02 13:14:34,719 - __main__ - INFO - 📊 Отчет отправлен администратору 6995044681
2025-09-02 13:14:34,860 - asyncio - ERROR - Unclosed client session
client_session: <aiohttp.client.ClientSession object at 0x7f15a6e5b790>
2025-09-02 13:14:34,861 - asyncio - ERROR - Unclosed connector
connections: ['deque([(<aiohttp.client_proto.ResponseHandler object at 0x7f15a6f17160>, 11204411.894352268)])']
connector: <aiohttp.connector.TCPConnector object at 0x7f15a6e5b970>
