2025-11-03 16:37:05,712 - __main__ - INFO - 🚀 Начало рассылки: 2025-11-03 16:37:05
2025-11-03 16:37:05,712 - __main__ - INFO - 🚀 Запуск рассылки в ТЕСТОВЫЙ режиме
2025-11-03 16:37:05,714 - sqlalchemy.engine.Engine - INFO - BEGIN (implicit)
2025-11-03 16:37:05,739 - sqlalchemy.engine.Engine - INFO - SELECT users.id, users.telegram_id, users.username, users.first_name, users.last_name, users.is_active, users.referrer_id, users.referral_code, users.welcome_sent, users.created_at, users.updated_at, users.birthday, users.birthday_gift_year, users.yookassa_payment_method_id, users.is_recurring_active, users.phone, users.email, users.reminder_sent, users.is_blocked, users.is_first_payment_done, users.first_payment_date, users.current_loyalty_level, users.one_time_discount_percent, users.lifetime_discount_percent, users.pending_loyalty_reward, users.gift_due 
FROM users 
WHERE users.telegram_id = ?
2025-11-03 16:37:05,740 - sqlalchemy.engine.Engine - INFO - [generated in 0.00064s] (534740911,)
2025-11-03 16:37:05,741 - sqlalchemy.engine.Engine - INFO - SELECT users.id, users.telegram_id, users.username, users.first_name, users.last_name, users.is_active, users.referrer_id, users.referral_code, users.welcome_sent, users.created_at, users.updated_at, users.birthday, users.birthday_gift_year, users.yookassa_payment_method_id, users.is_recurring_active, users.phone, users.email, users.reminder_sent, users.is_blocked, users.is_first_payment_done, users.first_payment_date, users.current_loyalty_level, users.one_time_discount_percent, users.lifetime_discount_percent, users.pending_loyalty_reward, users.gift_due 
FROM users 
WHERE users.telegram_id = ?
2025-11-03 16:37:05,742 - sqlalchemy.engine.Engine - INFO - [cached since 0.002913s ago] (44054166,)
2025-11-03 16:37:05,743 - sqlalchemy.engine.Engine - INFO - SELECT users.id, users.telegram_id, users.username, users.first_name, users.last_name, users.is_active, users.referrer_id, users.referral_code, users.welcome_sent, users.created_at, users.updated_at, users.birthday, users.birthday_gift_year, users.yookassa_payment_method_id, users.is_recurring_active, users.phone, users.email, users.reminder_sent, users.is_blocked, users.is_first_payment_done, users.first_payment_date, users.current_loyalty_level, users.one_time_discount_percent, users.lifetime_discount_percent, users.pending_loyalty_reward, users.gift_due 
FROM users 
WHERE users.telegram_id = ?
2025-11-03 16:37:05,743 - sqlalchemy.engine.Engine - INFO - [cached since 0.003963s ago] (6995044681,)
2025-11-03 16:37:05,743 - sqlalchemy.engine.Engine - INFO - ROLLBACK
2025-11-03 16:37:05,744 - __main__ - INFO - 🧪 Тестовый режим: найдено 3 администраторов
2025-11-03 16:37:05,744 - __main__ - INFO - 📤 Отправка 1/3 пользователю 534740911
2025-11-03 16:37:06,313 - __main__ - INFO - 📤 Отправка 2/3 пользователю 44054166
2025-11-03 16:37:06,671 - __main__ - INFO - 📤 Отправка 3/3 пользователю 6995044681
2025-11-03 16:37:07,016 - __main__ - INFO - 🏁 Окончание рассылки: 2025-11-03 16:37:07
2025-11-03 16:37:07,016 - __main__ - INFO - ⏱️ Общее время: 0:00:01.303626
2025-11-03 16:37:07,016 - __main__ - INFO - 📊 Итоговая статистика рассылки:
2025-11-03 16:37:07,017 - __main__ - INFO - 
📊 <b>ОТЧЕТ О РАССЫЛКЕ СИСТЕМЫ ЛОЯЛЬНОСТИ</b>

⏱️ <b>Время выполнения:</b> 0:00:01.303626
📅 <b>Завершено:</b> 2025-11-03 16:37:07

📈 <b>ОБЩАЯ СТАТИСТИКА:</b>
👥 Всего пользователей: 3
✅ Успешно отправлено: 3
🚫 Заблокированных: 0
❌ Ошибок: 0
📊 Успешность: 100.0%

🚫 <b>ЗАБЛОКИРОВАННЫЕ ПОЛЬЗОВАТЕЛИ:</b>
Нет заблокированных пользователей

❌ <b>ОШИБКИ ОТПРАВКИ:</b>
Нет ошибок отправки

2025-11-03 16:37:07,091 - __main__ - INFO - 📊 Отчет отправлен администратору 534740911
2025-11-03 16:37:07,184 - __main__ - INFO - 📊 Отчет отправлен администратору 44054166
2025-11-03 16:37:07,343 - __main__ - INFO - 📊 Отчет отправлен администратору 6995044681
2025-11-03 16:37:07,481 - asyncio - ERROR - Unclosed client session
client_session: <aiohttp.client.ClientSession object at 0x7fc86771a5f0>
2025-11-03 16:37:07,482 - asyncio - ERROR - Unclosed connector
connections: ['deque([(<aiohttp.client_proto.ResponseHandler object at 0x7fc866dd6860>, 16573364.5187704)])']
connector: <aiohttp.connector.TCPConnector object at 0x7fc86771a4d0>
