2025-11-03 16:49:17,125 - __main__ - INFO - 🚀 Начало рассылки: 2025-11-03 16:49:17
2025-11-03 16:49:17,125 - __main__ - INFO - 🚀 Запуск рассылки в ТЕСТОВЫЙ режиме
2025-11-03 16:49:17,128 - sqlalchemy.engine.Engine - INFO - BEGIN (implicit)
2025-11-03 16:49:17,154 - sqlalchemy.engine.Engine - INFO - SELECT users.id, users.telegram_id, users.username, users.first_name, users.last_name, users.is_active, users.referrer_id, users.referral_code, users.welcome_sent, users.created_at, users.updated_at, users.birthday, users.birthday_gift_year, users.yookassa_payment_method_id, users.is_recurring_active, users.phone, users.email, users.reminder_sent, users.is_blocked, users.is_first_payment_done, users.first_payment_date, users.current_loyalty_level, users.one_time_discount_percent, users.lifetime_discount_percent, users.pending_loyalty_reward, users.gift_due 
FROM users 
WHERE users.telegram_id = ?
2025-11-03 16:49:17,155 - sqlalchemy.engine.Engine - INFO - [generated in 0.00065s] (534740911,)
2025-11-03 16:49:17,157 - sqlalchemy.engine.Engine - INFO - SELECT users.id, users.telegram_id, users.username, users.first_name, users.last_name, users.is_active, users.referrer_id, users.referral_code, users.welcome_sent, users.created_at, users.updated_at, users.birthday, users.birthday_gift_year, users.yookassa_payment_method_id, users.is_recurring_active, users.phone, users.email, users.reminder_sent, users.is_blocked, users.is_first_payment_done, users.first_payment_date, users.current_loyalty_level, users.one_time_discount_percent, users.lifetime_discount_percent, users.pending_loyalty_reward, users.gift_due 
FROM users 
WHERE users.telegram_id = ?
2025-11-03 16:49:17,157 - sqlalchemy.engine.Engine - INFO - [cached since 0.003058s ago] (44054166,)
2025-11-03 16:49:17,158 - sqlalchemy.engine.Engine - INFO - SELECT users.id, users.telegram_id, users.username, users.first_name, users.last_name, users.is_active, users.referrer_id, users.referral_code, users.welcome_sent, users.created_at, users.updated_at, users.birthday, users.birthday_gift_year, users.yookassa_payment_method_id, users.is_recurring_active, users.phone, users.email, users.reminder_sent, users.is_blocked, users.is_first_payment_done, users.first_payment_date, users.current_loyalty_level, users.one_time_discount_percent, users.lifetime_discount_percent, users.pending_loyalty_reward, users.gift_due 
FROM users 
WHERE users.telegram_id = ?
2025-11-03 16:49:17,158 - sqlalchemy.engine.Engine - INFO - [cached since 0.004123s ago] (6995044681,)
2025-11-03 16:49:17,159 - sqlalchemy.engine.Engine - INFO - ROLLBACK
2025-11-03 16:49:17,159 - __main__ - INFO - 🧪 Тестовый режим: найдено 3 администраторов
2025-11-03 16:49:17,159 - __main__ - INFO - 📤 Отправка 1/3 пользователю 534740911
2025-11-03 16:49:17,756 - __main__ - INFO - 📤 Отправка 2/3 пользователю 44054166
2025-11-03 16:49:18,091 - __main__ - INFO - 📤 Отправка 3/3 пользователю 6995044681
2025-11-03 16:49:18,552 - __main__ - INFO - 🏁 Окончание рассылки: 2025-11-03 16:49:18
2025-11-03 16:49:18,553 - __main__ - INFO - ⏱️ Общее время: 0:00:01.427354
2025-11-03 16:49:18,553 - __main__ - INFO - 📊 Итоговая статистика рассылки:
2025-11-03 16:49:18,553 - __main__ - INFO - 
📊 <b>ОТЧЕТ О РАССЫЛКЕ СИСТЕМЫ ЛОЯЛЬНОСТИ</b>

⏱️ <b>Время выполнения:</b> 0:00:01.427354
📅 <b>Завершено:</b> 2025-11-03 16:49:18

📈 <b>ОБЩАЯ СТАТИСТИКА:</b>
👥 Всего пользователей: 3
✅ Успешно отправлено: 3
🚫 Заблокированных: 0
❌ Ошибок: 0
📊 Успешность: 100.0%

🚫 <b>ЗАБЛОКИРОВАННЫЕ ПОЛЬЗОВАТЕЛИ:</b>
Нет заблокированных пользователей

❌ <b>ОШИБКИ ОТПРАВКИ:</b>
Нет ошибок отправки

2025-11-03 16:49:18,633 - __main__ - INFO - 📊 Отчет отправлен администратору 534740911
2025-11-03 16:49:18,709 - __main__ - INFO - 📊 Отчет отправлен администратору 44054166
2025-11-03 16:49:18,787 - __main__ - INFO - 📊 Отчет отправлен администратору 6995044681
2025-11-03 16:49:18,920 - asyncio - ERROR - Unclosed client session
client_session: <aiohttp.client.ClientSession object at 0x7f6251ff2590>
2025-11-03 16:49:18,921 - asyncio - ERROR - Unclosed connector
connections: ['deque([(<aiohttp.client_proto.ResponseHandler object at 0x7f62516ab5e0>, 16574095.96263942)])']
connector: <aiohttp.connector.TCPConnector object at 0x7f6251ff2470>
