2025-09-03 00:01:00,016 - payments - INFO - Начисление бонуса: пользователь 532, +7 дней, причина: birthday_gift
2025-09-03 00:01:00,037 - payments - INFO - Подписка успешно продлена: пользователь 532, новая дата окончания 2025-09-28 22:32:43.369612, причина: birthday_gift
2025-09-10 00:01:00,015 - payments - INFO - Начисление бонуса: пользователь 13, +7 дней, причина: birthday_gift
2025-09-10 00:01:00,038 - payments - INFO - Подписка успешно продлена: пользователь 13, новая дата окончания 2025-11-15 14:26:53.642742, причина: birthday_gift
2025-11-03 08:01:04,187 - payments - INFO - Начисление бонуса: пользователь 372, +7 дней, причина: loyalty_bonus_silver
2025-11-03 08:01:04,187 - payments - INFO - Начисление бонуса: пользователь 372, +7 дней, причина: loyalty_bonus_silver
2025-11-03 08:01:04,206 - payments - INFO - Подписка успешно продлена: пользователь 372, новая дата окончания 2025-11-20 15:25:43.641866, причина: loyalty_bonus_silver
2025-11-03 08:01:04,206 - payments - INFO - Подписка успешно продлена: пользователь 372, новая дата окончания 2025-11-20 15:25:43.641866, причина: loyalty_bonus_silver
2025-11-03 08:08:35,236 - payments - INFO - Начисление бонуса: пользователь 426, +7 дней, причина: loyalty_bonus_silver
2025-11-03 08:08:35,236 - payments - INFO - Начисление бонуса: пользователь 426, +7 дней, причина: loyalty_bonus_silver
2025-11-03 08:08:35,253 - payments - INFO - Подписка успешно продлена: пользователь 426, новая дата окончания 2025-12-10 16:12:45.314799, причина: loyalty_bonus_silver
2025-11-03 08:08:35,253 - payments - INFO - Подписка успешно продлена: пользователь 426, новая дата окончания 2025-12-10 16:12:45.314799, причина: loyalty_bonus_silver
2025-11-03 08:10:47,311 - payments - INFO - Начисление бонуса: пользователь 250, +7 дней, причина: loyalty_bonus_silver
2025-11-03 08:10:47,311 - payments - INFO - Начисление бонуса: пользователь 250, +7 дней, причина: loyalty_bonus_silver
2025-11-03 08:10:47,325 - payments - INFO - Подписка успешно продлена: пользователь 250, новая дата окончания 2025-11-16 07:22:03.779728, причина: loyalty_bonus_silver
2025-11-03 08:10:47,325 - payments - INFO - Подписка успешно продлена: пользователь 250, новая дата окончания 2025-11-16 07:22:03.779728, причина: loyalty_bonus_silver
2025-11-03 08:16:50,126 - payments - INFO - Начисление бонуса: пользователь 406, +7 дней, причина: loyalty_bonus_silver
2025-11-03 08:16:50,126 - payments - INFO - Начисление бонуса: пользователь 406, +7 дней, причина: loyalty_bonus_silver
2025-11-03 08:16:50,145 - payments - INFO - Подписка успешно продлена: пользователь 406, новая дата окончания 2025-12-03 00:31:38, причина: loyalty_bonus_silver
2025-11-03 08:16:50,145 - payments - INFO - Подписка успешно продлена: пользователь 406, новая дата окончания 2025-12-03 00:31:38, причина: loyalty_bonus_silver
2025-11-03 08:57:39,493 - payments - INFO - Начисление бонуса: пользователь 103, +14 дней, причина: loyalty_bonus_gold
2025-11-03 08:57:39,493 - payments - INFO - Начисление бонуса: пользователь 103, +14 дней, причина: loyalty_bonus_gold
2025-11-03 08:57:39,513 - payments - INFO - Подписка успешно продлена: пользователь 103, новая дата окончания 2025-12-21 23:59:59, причина: loyalty_bonus_gold
2025-11-03 08:57:39,513 - payments - INFO - Подписка успешно продлена: пользователь 103, новая дата окончания 2025-12-21 23:59:59, причина: loyalty_bonus_gold
2025-11-03 09:12:26,453 - payments - INFO - Начисление бонуса: пользователь 376, +7 дней, причина: loyalty_bonus_silver
2025-11-03 09:12:26,453 - payments - INFO - Начисление бонуса: пользователь 376, +7 дней, причина: loyalty_bonus_silver
2025-11-03 09:12:26,471 - payments - INFO - Подписка успешно продлена: пользователь 376, новая дата окончания 2025-12-07 02:31:45.271452, причина: loyalty_bonus_silver
2025-11-03 09:12:26,471 - payments - INFO - Подписка успешно продлена: пользователь 376, новая дата окончания 2025-12-07 02:31:45.271452, причина: loyalty_bonus_silver
2025-11-03 10:38:21,830 - payments - INFO - Начисление бонуса: пользователь 2, +14 дней, причина: loyalty_bonus_gold
2025-11-03 10:38:21,849 - payments - INFO - Подписка успешно продлена: пользователь 2, новая дата окончания 2126-06-10 10:52:21.049376, причина: loyalty_bonus_gold
2025-11-03 11:04:06,897 - payments - INFO - Начисление бонуса: пользователь 38, +14 дней, причина: loyalty_bonus_gold
2025-11-03 11:04:06,912 - payments - INFO - Подписка успешно продлена: пользователь 38, новая дата окончания 2125-04-14 22:38:21.150119, причина: loyalty_bonus_gold
2025-11-03 11:14:50,879 - payments - INFO - Начисление бонуса: пользователь 154, +7 дней, причина: loyalty_bonus_silver
2025-11-03 11:14:50,919 - payments - INFO - Подписка успешно продлена: пользователь 154, новая дата окончания 2025-11-19 00:18:01, причина: loyalty_bonus_silver
2025-11-03 14:28:12,491 - payments - INFO - Начисление бонуса: пользователь 502, +7 дней, причина: loyalty_bonus_silver
2025-11-03 14:28:12,491 - payments - INFO - Начисление бонуса: пользователь 502, +7 дней, причина: loyalty_bonus_silver
2025-11-03 14:28:12,533 - payments - INFO - Подписка успешно продлена: пользователь 502, новая дата окончания 2025-12-09 01:58:04.692113, причина: loyalty_bonus_silver
2025-11-03 14:28:12,533 - payments - INFO - Подписка успешно продлена: пользователь 502, новая дата окончания 2025-12-09 01:58:04.692113, причина: loyalty_bonus_silver
2025-11-05 00:17:54,395 - payments - INFO - Начисление бонуса: пользователь 365, +7 дней, причина: referral_bonus_for_858
2025-11-05 00:17:54,408 - payments - INFO - Подписка успешно продлена: пользователь 365, новая дата окончания 2025-12-11 19:59:21.831665, причина: referral_bonus_for_858
2025-11-05 15:47:05,111 - payments - INFO - Начисление бонуса: пользователь 60, +14 дней, причина: loyalty_bonus_gold
2025-11-05 15:47:05,129 - payments - INFO - Подписка успешно продлена: пользователь 60, новая дата окончания 2125-04-22 08:22:55.223754, причина: loyalty_bonus_gold
2025-11-06 08:15:51,772 - payments - INFO - Начисление бонуса: пользователь 13, +14 дней, причина: loyalty_bonus_gold
2025-11-06 08:15:51,786 - payments - INFO - Подписка успешно продлена: пользователь 13, новая дата окончания 2025-12-02 14:26:53.642742, причина: loyalty_bonus_gold
2025-11-06 08:21:04,847 - payments - INFO - Начисление бонуса: пользователь 41, +14 дней, причина: loyalty_bonus_gold
2025-11-06 08:21:04,892 - payments - INFO - Подписка успешно продлена: пользователь 41, новая дата окончания 2125-04-14 22:31:01.471914, причина: loyalty_bonus_gold
2025-11-06 17:28:43,501 - payments - INFO - Начисление бонуса: пользователь 396, +7 дней, причина: loyalty_bonus_silver
2025-11-06 17:28:43,559 - payments - INFO - Подписка успешно продлена: пользователь 396, новая дата окончания 2025-11-28 11:42:55, причина: loyalty_bonus_silver
2025-11-07 08:57:11,161 - payments - INFO - Начисление бонуса: пользователь 55, +14 дней, причина: loyalty_bonus_gold
2025-11-07 08:57:11,178 - payments - INFO - Подписка успешно продлена: пользователь 55, новая дата окончания 2125-04-15 00:04:34.359120, причина: loyalty_bonus_gold
2025-11-11 08:08:26,714 - payments - INFO - Начисление бонуса: пользователь 138, +7 дней, причина: loyalty_bonus_silver
2025-11-11 08:08:26,729 - payments - INFO - Подписка успешно продлена: пользователь 138, новая дата окончания 2025-12-07 04:54:24.675552, причина: loyalty_bonus_silver
2025-11-14 09:33:01,093 - payments - INFO - Начисление бонуса: пользователь 18, +14 дней, причина: loyalty_bonus_gold
2025-11-14 09:33:01,103 - payments - INFO - Подписка успешно продлена: пользователь 18, новая дата окончания 2125-04-14 22:37:23.691222, причина: loyalty_bonus_gold
2025-11-15 12:38:53,881 - payments - INFO - Начисление бонуса: пользователь 343, +7 дней, причина: loyalty_bonus_silver
2025-11-15 12:38:53,881 - payments - INFO - Начисление бонуса: пользователь 343, +7 дней, причина: loyalty_bonus_silver
2025-11-15 12:38:53,892 - payments - INFO - Подписка успешно продлена: пользователь 343, новая дата окончания 2025-12-21 11:37:14.173723, причина: loyalty_bonus_silver
2025-11-15 12:38:53,892 - payments - INFO - Подписка успешно продлена: пользователь 343, новая дата окончания 2025-12-21 11:37:14.173723, причина: loyalty_bonus_silver
2025-11-20 00:12:43,349 - payments - INFO - Начисление бонуса: пользователь 49, +14 дней, причина: loyalty_bonus_gold
2025-11-20 00:12:43,366 - payments - ERROR - Ошибка при начислении бонуса: пользователь 49, дней: 14, причина: loyalty_bonus_gold, ошибка: greenlet_spawn has not been called; can't call await_only() here. Was IO attempted in an unexpected place? (Background on this error at: https://sqlalche.me/e/20/xd2s)
2025-11-20 00:41:51,224 - payments - INFO - Начисление бонуса: пользователь 330, +7 дней, причина: loyalty_bonus_silver
2025-11-20 00:41:51,232 - payments - ERROR - Ошибка при начислении бонуса: пользователь 330, дней: 7, причина: loyalty_bonus_silver, ошибка: greenlet_spawn has not been called; can't call await_only() here. Was IO attempted in an unexpected place? (Background on this error at: https://sqlalche.me/e/20/xd2s)
2025-11-20 00:41:55,459 - payments - INFO - Начисление бонуса: пользователь 330, +7 дней, причина: loyalty_bonus_silver
2025-11-20 00:41:55,466 - payments - ERROR - Ошибка при начислении бонуса: пользователь 330, дней: 7, причина: loyalty_bonus_silver, ошибка: greenlet_spawn has not been called; can't call await_only() here. Was IO attempted in an unexpected place? (Background on this error at: https://sqlalche.me/e/20/xd2s)
